<?xml version="1.0" encoding="UTF-8"?>
<coverage generated="1760663552795" clover="3.2.0">
  <project timestamp="1760663552795" name="All files">
    <metrics statements="28" coveredstatements="16" conditionals="17" coveredconditionals="8" methods="8" coveredmethods="3" elements="53" coveredelements="27" complexity="0" loc="28" ncloc="28" packages="2" files="3" classes="3"/>
    <package name="api">
      <metrics statements="10" coveredstatements="0" conditionals="9" coveredconditionals="0" methods="4" coveredmethods="0"/>
      <file name="moods.js" path="/Users/sakethreddy/Desktop/CS555_Stevens-Team-4/app/api/moods.js">
        <metrics statements="10" coveredstatements="0" conditionals="9" coveredconditionals="0" methods="4" coveredmethods="0"/>
        <line num="1" count="0" type="cond" truecount="0" falsecount="2"/>
        <line num="4" count="0" type="cond" truecount="0" falsecount="4"/>
        <line num="5" count="0" type="stmt"/>
        <line num="9" count="0" type="cond" truecount="0" falsecount="2"/>
        <line num="10" count="0" type="stmt"/>
        <line num="13" count="0" type="stmt"/>
        <line num="17" count="0" type="stmt"/>
        <line num="22" count="0" type="stmt"/>
        <line num="26" count="0" type="stmt"/>
        <line num="29" count="0" type="stmt"/>
      </file>
    </package>
    <package name="utils">
      <metrics statements="18" coveredstatements="16" conditionals="8" coveredconditionals="8" methods="4" coveredmethods="3"/>
      <file name="mood.js" path="/Users/sakethreddy/Desktop/CS555_Stevens-Team-4/app/utils/mood.js">
        <metrics statements="2" coveredstatements="0" conditionals="0" coveredconditionals="0" methods="1" coveredmethods="0"/>
        <line num="1" count="0" type="stmt"/>
        <line num="9" count="0" type="stmt"/>
      </file>
      <file name="moodUtils.js" path="/Users/sakethreddy/Desktop/CS555_Stevens-Team-4/app/utils/moodUtils.js">
        <metrics statements="16" coveredstatements="16" conditionals="8" coveredconditionals="8" methods="3" coveredmethods="3"/>
        <line num="4" count="14" type="cond" truecount="8" falsecount="0"/>
        <line num="5" count="1" type="stmt"/>
        <line num="6" count="1" type="stmt"/>
        <line num="7" count="1" type="stmt"/>
        <line num="8" count="1" type="stmt"/>
        <line num="9" count="1" type="stmt"/>
        <line num="10" count="1" type="stmt"/>
        <line num="11" count="1" type="stmt"/>
        <line num="12" count="7" type="stmt"/>
        <line num="17" count="12" type="stmt"/>
        <line num="21" count="16" type="stmt"/>
        <line num="22" count="16" type="stmt"/>
        <line num="23" count="16" type="stmt"/>
        <line num="24" count="16" type="stmt"/>
        <line num="25" count="16" type="stmt"/>
        <line num="28" count="1" type="stmt"/>
      </file>
    </package>
  </project>
</coverage>
