{"/Users/sakethreddy/Desktop/CS555_Stevens-Team-4/app/api/moods.js": {"path":"/Users/sakethreddy/Desktop/CS555_Stevens-Team-4/app/api/moods.js","statementMap":{"0":{"start":{"line":1,"column":13},"end":{"line":1,"column":71}},"1":{"start":{"line":4,"column":2},"end":{"line":4,"column":77}},"2":{"start":{"line":4,"column":15},"end":{"line":4,"column":77}},"3":{"start":{"line":5,"column":2},"end":{"line":5,"column":20}},"4":{"start":{"line":9,"column":16},"end":{"line":9,"column":63}},"5":{"start":{"line":10,"column":12},"end":{"line":12,"column":4}},"6":{"start":{"line":13,"column":2},"end":{"line":13,"column":18}},"7":{"start":{"line":17,"column":12},"end":{"line":21,"column":4}},"8":{"start":{"line":22,"column":2},"end":{"line":22,"column":21}},"9":{"start":{"line":26,"column":12},"end":{"line":28,"column":4}},"10":{"start":{"line":29,"column":2},"end":{"line":29,"column":21}}},"fnMap":{"0":{"name":"ensureOk","decl":{"start":{"line":3,"column":15},"end":{"line":3,"column":23}},"loc":{"start":{"line":3,"column":29},"end":{"line":6,"column":1}},"line":3},"1":{"name":"getToday","decl":{"start":{"line":8,"column":22},"end":{"line":8,"column":30}},"loc":{"start":{"line":8,"column":44},"end":{"line":14,"column":1}},"line":8},"2":{"name":"saveToday","decl":{"start":{"line":16,"column":22},"end":{"line":16,"column":31}},"loc":{"start":{"line":16,"column":57},"end":{"line":23,"column":1}},"line":16},"3":{"name":"getHistory","decl":{"start":{"line":25,"column":22},"end":{"line":25,"column":32}},"loc":{"start":{"line":25,"column":52},"end":{"line":30,"column":1}},"line":25}},"branchMap":{"0":{"loc":{"start":{"line":1,"column":13},"end":{"line":1,"column":71}},"type":"binary-expr","locations":[{"start":{"line":1,"column":13},"end":{"line":1,"column":44}},{"start":{"line":1,"column":48},"end":{"line":1,"column":71}}],"line":1},"1":{"loc":{"start":{"line":4,"column":2},"end":{"line":4,"column":77}},"type":"if","locations":[{"start":{"line":4,"column":2},"end":{"line":4,"column":77}},{"start":{},"end":{}}],"line":4},"2":{"loc":{"start":{"line":4,"column":31},"end":{"line":4,"column":75}},"type":"binary-expr","locations":[{"start":{"line":4,"column":31},"end":{"line":4,"column":55}},{"start":{"line":4,"column":59},"end":{"line":4,"column":75}}],"line":4},"3":{"loc":{"start":{"line":9,"column":16},"end":{"line":9,"column":63}},"type":"cond-expr","locations":[{"start":{"line":9,"column":23},"end":{"line":9,"column":58}},{"start":{"line":9,"column":61},"end":{"line":9,"column":63}}],"line":9},"4":{"loc":{"start":{"line":25,"column":40},"end":{"line":25,"column":50}},"type":"default-arg","locations":[{"start":{"line":25,"column":48},"end":{"line":25,"column":50}}],"line":25}},"s":{"0":0,"1":0,"2":0,"3":0,"4":0,"5":0,"6":0,"7":0,"8":0,"9":0,"10":0},"f":{"0":0,"1":0,"2":0,"3":0},"b":{"0":[0,0],"1":[0,0],"2":[0,0],"3":[0,0],"4":[0]}}
,"/Users/sakethreddy/Desktop/CS555_Stevens-Team-4/app/utils/mood.js": {"path":"/Users/sakethreddy/Desktop/CS555_Stevens-Team-4/app/utils/mood.js","statementMap":{"0":{"start":{"line":1,"column":25},"end":{"line":7,"column":1}},"1":{"start":{"line":9,"column":26},"end":{"line":9,"column":65}},"2":{"start":{"line":9,"column":33},"end":{"line":9,"column":65}}},"fnMap":{"0":{"name":"(anonymous_0)","decl":{"start":{"line":9,"column":26},"end":{"line":9,"column":27}},"loc":{"start":{"line":9,"column":33},"end":{"line":9,"column":65}},"line":9}},"branchMap":{},"s":{"0":0,"1":0,"2":0},"f":{"0":0},"b":{}}
,"/Users/sakethreddy/Desktop/CS555_Stevens-Team-4/app/utils/moodUtils.js": {"path":"/Users/sakethreddy/Desktop/CS555_Stevens-Team-4/app/utils/moodUtils.js","statementMap":{"0":{"start":{"line":4,"column":2},"end":{"line":13,"column":3}},"1":{"start":{"line":5,"column":18},"end":{"line":5,"column":30}},"2":{"start":{"line":6,"column":20},"end":{"line":6,"column":32}},"3":{"start":{"line":7,"column":20},"end":{"line":7,"column":32}},"4":{"start":{"line":8,"column":18},"end":{"line":8,"column":30}},"5":{"start":{"line":9,"column":20},"end":{"line":9,"column":32}},"6":{"start":{"line":10,"column":16},"end":{"line":10,"column":28}},"7":{"start":{"line":11,"column":18},"end":{"line":11,"column":30}},"8":{"start":{"line":12,"column":13},"end":{"line":12,"column":25}},"9":{"start":{"line":17,"column":2},"end":{"line":17,"column":48}},"10":{"start":{"line":21,"column":12},"end":{"line":21,"column":25}},"11":{"start":{"line":22,"column":12},"end":{"line":22,"column":30}},"12":{"start":{"line":23,"column":12},"end":{"line":23,"column":56}},"13":{"start":{"line":24,"column":13},"end":{"line":24,"column":52}},"14":{"start":{"line":25,"column":2},"end":{"line":25,"column":27}},"15":{"start":{"line":28,"column":0},"end":{"line":32,"column":2}}},"fnMap":{"0":{"name":"emojiFor","decl":{"start":{"line":3,"column":9},"end":{"line":3,"column":17}},"loc":{"start":{"line":3,"column":24},"end":{"line":14,"column":1}},"line":3},"1":{"name":"capitalize","decl":{"start":{"line":16,"column":9},"end":{"line":16,"column":19}},"loc":{"start":{"line":16,"column":23},"end":{"line":18,"column":1}},"line":16},"2":{"name":"formatDate","decl":{"start":{"line":20,"column":9},"end":{"line":20,"column":19}},"loc":{"start":{"line":20,"column":25},"end":{"line":26,"column":1}},"line":20}},"branchMap":{"0":{"loc":{"start":{"line":4,"column":2},"end":{"line":13,"column":3}},"type":"switch","locations":[{"start":{"line":5,"column":4},"end":{"line":5,"column":30}},{"start":{"line":6,"column":4},"end":{"line":6,"column":32}},{"start":{"line":7,"column":4},"end":{"line":7,"column":32}},{"start":{"line":8,"column":4},"end":{"line":8,"column":30}},{"start":{"line":9,"column":4},"end":{"line":9,"column":32}},{"start":{"line":10,"column":4},"end":{"line":10,"column":28}},{"start":{"line":11,"column":4},"end":{"line":11,"column":30}},{"start":{"line":12,"column":4},"end":{"line":12,"column":25}}],"line":4}},"s":{"0":14,"1":1,"2":1,"3":1,"4":1,"5":1,"6":1,"7":1,"8":7,"9":12,"10":16,"11":16,"12":16,"13":16,"14":16,"15":1},"f":{"0":14,"1":12,"2":16},"b":{"0":[1,1,1,1,1,1,1,7]},"_coverageSchema":"1a1c01bbd47fc00a2c39e90264f33305004495a9","hash":"a692a7507c09732a88dda857688605c527bde5d5"}
}
