TN:
SF:app/api/moods.js
FN:3,ensureOk
FN:8,getToday
FN:16,saveToday
FN:25,getHistory
FNF:4
FNH:0
FNDA:0,ensureOk
FNDA:0,getToday
FNDA:0,saveToday
FNDA:0,getHistory
DA:1,0
DA:4,0
DA:5,0
DA:9,0
DA:10,0
DA:13,0
DA:17,0
DA:22,0
DA:26,0
DA:29,0
LF:10
LH:0
BRDA:1,0,0,0
BRDA:1,0,1,0
BRDA:4,1,0,0
BRDA:4,1,1,0
BRDA:4,2,0,0
BRDA:4,2,1,0
BRDA:9,3,0,0
BRDA:9,3,1,0
BRDA:25,4,0,0
BRF:9
BRH:0
end_of_record
TN:
SF:app/utils/mood.js
FN:9,(anonymous_0)
FNF:1
FNH:0
FNDA:0,(anonymous_0)
DA:1,0
DA:9,0
LF:2
LH:0
BRF:0
BRH:0
end_of_record
TN:
SF:app/utils/moodUtils.js
FN:3,emojiFor
FN:16,capitalize
FN:20,formatDate
FNF:3
FNH:3
FNDA:14,emojiFor
FNDA:12,capitalize
FNDA:16,formatDate
DA:4,14
DA:5,1
DA:6,1
DA:7,1
DA:8,1
DA:9,1
DA:10,1
DA:11,1
DA:12,7
DA:17,12
DA:21,16
DA:22,16
DA:23,16
DA:24,16
DA:25,16
DA:28,1
LF:16
LH:16
BRDA:4,0,0,1
BRDA:4,0,1,1
BRDA:4,0,2,1
BRDA:4,0,3,1
BRDA:4,0,4,1
BRDA:4,0,5,1
BRDA:4,0,6,1
BRDA:4,0,7,7
BRF:8
BRH:8
end_of_record
